-------------------------------------------------------------------------------
Test set: com.example.feignclientexample.FeignClientExampleApplicationTests
-------------------------------------------------------------------------------
Tests run: 1, Failures: 0, Errors: 1, Skipped: 0, Time elapsed: 1.988 s <<< FAILURE! - in com.example.feignclientexample.FeignClientExampleApplicationTests
contextLoads  Time elapsed: 0 s  <<< ERROR!
java.lang.IllegalStateException: Failed to load ApplicationContext
Caused by: org.springframework.beans.factory.BeanDefinitionStoreException: Failed to process import candidates for configuration class [com.example.feignclientexample.FeignClientExampleApplication]; nested exception is java.lang.IllegalArgumentException: Could not find class [org.springframework.cloud.client.loadbalancer.reactive.OnNoRibbonDefaultCondition]
Caused by: java.lang.IllegalArgumentException: Could not find class [org.springframework.cloud.client.loadbalancer.reactive.OnNoRibbonDefaultCondition]
Caused by: java.lang.ClassNotFoundException: org.springframework.cloud.client.loadbalancer.reactive.OnNoRibbonDefaultCondition

